<?xml version="1.0" encoding="UTF-8"?>
<testsuites name="Pastikan User dapat mengakses Wishlist Homepage" time="48.263" tests="2" failures="1" errors="0">
   <testsuite name="Pastikan User dapat mengakses Wishlist Homepage" tests="2" failures="1" errors="0" time="48.263" skipped="0" timestamp="2022-01-21 16:11:04" hostname="ardiansyah - localhost" id="Test Suites/Wishlist/Pastikan User dapat mengakses Wishlist Homepage">
      <properties>
         <property name="deviceName" value=""/>
         <property name="devicePlatform" value=""/>
         <property name="logFolder" value="/Users/ardiansyah/Documents/Work/Telkom/PijarMahir/Katalon/GitHub/pijarmahir-automation-web/Reports/20220121_161052/Wishlist/Pastikan User dapat mengakses Wishlist Homepage/20220121_161052"/>
         <property name="logFiles" value="/Users/ardiansyah/Documents/Work/Telkom/PijarMahir/Katalon/GitHub/pijarmahir-automation-web/Reports/20220121_161052/Wishlist/Pastikan User dapat mengakses Wishlist Homepage/20220121_161052/execution0.log"/>
         <property name="attachments" value="/Users/ardiansyah/Documents/Work/Telkom/PijarMahir/Katalon/GitHub/pijarmahir-automation-web/Reports/20220121_161052/Wishlist/Pastikan User dapat mengakses Wishlist Homepage/20220121_161052/1642756312281.png, /Users/ardiansyah/Documents/Work/Telkom/PijarMahir/Katalon/GitHub/pijarmahir-automation-web/Reports/20220121_161052/Wishlist/Pastikan User dapat mengakses Wishlist Homepage/20220121_161052/1642756312662.png"/>
         <property name="hostName" value="ardiansyah - localhost"/>
         <property name="os" value="Mac OS X 64bit"/>
         <property name="katalonVersion" value="8.2.5.208"/>
         <property name="browser" value="Chrome 97.0.4692.99"/>
         <property name="hostAddress" value="127.0.0.1"/>
         <property name="sessionId" value="76d3e705b8baed74fa658fb3e4125fd0"/>
         <property name="seleniumVersion" value="3.141.59"/>
         <property name="proxyInformation" value="ProxyInformation { proxyOption=NO_PROXY, proxyServerType=HTTP, username=, password=********, proxyServerAddress=, proxyServerPort=0, executionList=&quot;&quot;, isApplyToDesiredCapabilities=true }"/>
         <property name="platform" value="Mac OS X"/>
      </properties>
      <testcase name="Test Cases/User/Wishlist/Pastikan User Dapat Mengakses Wishlist" time="19.695" classname="Test Cases/User/Wishlist/Pastikan User Dapat Mengakses Wishlist" status="PASSED">
         <system-out><![CDATA[2022-01-21 16:11:05 - [TEST_CASE][PASSED] - Test Cases/User/Wishlist/Pastikan User Dapat Mengakses Wishlist: Test Cases/User/Wishlist/Pastikan User Dapat Mengakses Wishlist

2022-01-21 16:11:05 - [TEST_STEP][PASSED] - callTestCase(findTestCase("User/Login/Positive Case/Pastikan User dapat melakukan Login"), ["username":"fitrianisa@yopmail.com", "password":"123Abcde"], STOP_ON_FAILURE): Call Test Case 'Test Cases/User/Login/Positive Case/Pastikan User dapat melakukan Login' successfully

2022-01-21 16:11:05 - [TEST_CASE][PASSED] - Test Cases/User/Login/Positive Case/Pastikan User dapat melakukan Login: Test Cases/User/Login/Positive Case/Pastikan User dapat melakukan Login

2022-01-21 16:11:06 - [TEST_STEP][PASSED] - callTestCase(findTestCase("CustomKeyword/Open Browser"), [:], STOP_ON_FAILURE): Call Test Case 'Test Cases/CustomKeyword/Open Browser' successfully

2022-01-21 16:11:06 - [TEST_CASE][PASSED] - Test Cases/CustomKeyword/Open Browser: Test Cases/CustomKeyword/Open Browser

2022-01-21 16:11:06 - [TEST_STEP][PASSED] - openBrowser(""): Browser is opened with url: ''

2022-01-21 16:11:06 - [MESSAGE][INFO] - Starting 'Chrome' driver

2022-01-21 16:11:06 - [MESSAGE][INFO] - Action delay is set to 0 milliseconds

2022-01-21 16:11:10 - [MESSAGE][PASSED] - Browser is opened with url: ''

2022-01-21 16:11:10 - [TEST_STEP][PASSED] - maximizeWindow(): Current window maximized

2022-01-21 16:11:10 - [MESSAGE][PASSED] - Current window maximized

2022-01-21 16:11:10 - [MESSAGE][PASSED] - Call Test Case 'Test Cases/CustomKeyword/Open Browser' successfully

2022-01-21 16:11:10 - [TEST_STEP][PASSED] - callTestCase(findTestCase("CustomKeyword/Negative to URL"), [:], STOP_ON_FAILURE): Call Test Case 'Test Cases/CustomKeyword/Negative to URL' successfully

2022-01-21 16:11:10 - [TEST_CASE][PASSED] - Test Cases/CustomKeyword/Negative to URL: Test Cases/CustomKeyword/Negative to URL

2022-01-21 16:11:10 - [TEST_STEP][PASSED] - navigateToUrl(BASE_URL): Navigate to 'https://dev2.pijarmahir.id' successfully

2022-01-21 16:11:15 - [MESSAGE][PASSED] - Navigate to 'https://dev2.pijarmahir.id' successfully

2022-01-21 16:11:15 - [MESSAGE][PASSED] - Call Test Case 'Test Cases/CustomKeyword/Negative to URL' successfully

2022-01-21 16:11:15 - [TEST_STEP][PASSED] - click(findTestObject("Login/button__z-2 absolute right-0 top-0 bg-white w-10 h-10 flex rounded-full justify-center items-center border-black-300 border-2.5")): Object: 'Object Repository/Login/button__z-2 absolute right-0 top-0 bg-white w-10 h-10 flex rounded-full justify-center items-center border-black-300 border-2.5' is clicked on

2022-01-21 16:11:16 - [MESSAGE][PASSED] - Object: 'Object Repository/Login/button__z-2 absolute right-0 top-0 bg-white w-10 h-10 flex rounded-full justify-center items-center border-black-300 border-2.5' is clicked on

2022-01-21 16:11:16 - [TEST_STEP][PASSED] - click(findTestObject("Login/Page_Pijar Mahir/button_Masuk")): Object: 'Object Repository/Login/Page_Pijar Mahir/button_Masuk' is clicked on

2022-01-21 16:11:16 - [MESSAGE][PASSED] - Object: 'Object Repository/Login/Page_Pijar Mahir/button_Masuk' is clicked on

2022-01-21 16:11:16 - [TEST_STEP][PASSED] - setText(findTestObject("Login/input_Email_email"), username): Text 'fitrianisa@yopmail.com' is set on object 'Object Repository/Login/input_Email_email'

2022-01-21 16:11:18 - [MESSAGE][PASSED] - Text 'fitrianisa@yopmail.com' is set on object 'Object Repository/Login/input_Email_email'

2022-01-21 16:11:18 - [TEST_STEP][PASSED] - setText(findTestObject("Login/input_Password_password"), password): Text '123Abcde' is set on object 'Object Repository/Login/input_Password_password'

2022-01-21 16:11:18 - [MESSAGE][PASSED] - Text '123Abcde' is set on object 'Object Repository/Login/input_Password_password'

2022-01-21 16:11:18 - [TEST_STEP][PASSED] - click(findTestObject("Login/button_Masuk")): Object: 'Object Repository/Login/button_Masuk' is clicked on

2022-01-21 16:11:19 - [MESSAGE][PASSED] - Object: 'Object Repository/Login/button_Masuk' is clicked on

2022-01-21 16:11:19 - [MESSAGE][PASSED] - Call Test Case 'Test Cases/User/Login/Positive Case/Pastikan User dapat melakukan Login' successfully

2022-01-21 16:11:19 - [TEST_STEP][PASSED] - focus(findTestObject("Top Bar/Page_Pijar Mahir/button_profile")): Object: 'Object Repository/Top Bar/Page_Pijar Mahir/button_profile' is focused

2022-01-21 16:11:23 - [MESSAGE][PASSED] - Object: 'Object Repository/Top Bar/Page_Pijar Mahir/button_profile' is focused

2022-01-21 16:11:23 - [TEST_STEP][PASSED] - click(findTestObject("Top Bar/Page_Pijar Mahir/span_Wishlist Saya")): Object: 'Object Repository/Top Bar/Page_Pijar Mahir/span_Wishlist Saya' is clicked on

2022-01-21 16:11:24 - [MESSAGE][PASSED] - Object: 'Object Repository/Top Bar/Page_Pijar Mahir/span_Wishlist Saya' is clicked on

2022-01-21 16:11:24 - [TEST_STEP][PASSED] - verifyElementText(findTestObject("Wishlist/Page_Pijar Mahir - Wishlist/h1_Wishlist Saya"), "Wishlist Saya"): Actual text and expected text of test object 'Object Repository/Wishlist/Page_Pijar Mahir - Wishlist/h1_Wishlist Saya' are matched.

2022-01-21 16:11:24 - [MESSAGE][PASSED] - Actual text and expected text of test object 'Object Repository/Wishlist/Page_Pijar Mahir - Wishlist/h1_Wishlist Saya' are matched.]]></system-out>
         <system-err><![CDATA[]]></system-err>
      </testcase>
      <testcase name="Test Cases/User/Wishlist/Pastikan User Dapat Menghapus Wistlist di Homepage" time="28.086" classname="Test Cases/User/Wishlist/Pastikan User Dapat Menghapus Wistlist di Homepage" status="FAILED">
         <failure type="FAILED" message="Test Cases/User/Wishlist/Pastikan User Dapat Menghapus Wistlist di Homepage FAILED.
Reason:
com.kms.katalon.core.exception.StepFailedException: Verify element text of test object 'Object Repository/Home Page/Page_Pijar Mahir/Page_Pijar Mahir/h3_Siap Jadi Talenta Digital Terbaik' FAILED.
	at com.kms.katalon.core.webui.keyword.internal.WebUIKeywordMain.stepFailed(WebUIKeywordMain.groovy:64)
	at com.kms.katalon.core.webui.keyword.internal.WebUIKeywordMain.runKeyword(WebUIKeywordMain.groovy:26)
	at com.kms.katalon.core.webui.keyword.builtin.VerifyElementTextKeyword.verifyElementText(VerifyElementTextKeyword.groovy:72)
	at com.kms.katalon.core.webui.keyword.builtin.VerifyElementTextKeyword.execute(VerifyElementTextKeyword.groovy:40)
	at com.kms.katalon.core.keyword.internal.KeywordExecutor.executeKeywordForPlatform(KeywordExecutor.groovy:74)
	at com.kms.katalon.core.webui.keyword.WebUiBuiltInKeywords.verifyElementText(WebUiBuiltInKeywords.groovy:4749)
	at com.kms.katalon.core.webui.keyword.WebUiBuiltInKeywords$verifyElementText$5.call(Unknown Source)
	at Pastikan User Dapat Menghapus Wistlist di Homepage.run(Pastikan User Dapat Menghapus Wistlist di Homepage:41)
	at com.kms.katalon.core.main.ScriptEngine.run(ScriptEngine.java:194)
	at com.kms.katalon.core.main.ScriptEngine.runScriptAsRawText(ScriptEngine.java:119)
	at com.kms.katalon.core.main.TestCaseExecutor.runScript(TestCaseExecutor.java:442)
	at com.kms.katalon.core.main.TestCaseExecutor.doExecute(TestCaseExecutor.java:433)
	at com.kms.katalon.core.main.TestCaseExecutor.processExecutionPhase(TestCaseExecutor.java:412)
	at com.kms.katalon.core.main.TestCaseExecutor.accessMainPhase(TestCaseExecutor.java:404)
	at com.kms.katalon.core.main.TestCaseExecutor.execute(TestCaseExecutor.java:281)
	at com.kms.katalon.core.main.TestSuiteExecutor.accessTestCaseMainPhase(TestSuiteExecutor.java:202)
	at com.kms.katalon.core.main.TestSuiteExecutor.accessTestSuiteMainPhase(TestSuiteExecutor.java:164)
	at com.kms.katalon.core.main.TestSuiteExecutor.execute(TestSuiteExecutor.java:105)
	at com.kms.katalon.core.main.TestCaseMain.startTestSuite(TestCaseMain.java:185)
	at com.kms.katalon.core.main.TestCaseMain$startTestSuite$0.call(Unknown Source)
	at TempTestSuite1642756252896.run(TempTestSuite1642756252896.groovy:36)
Caused by: com.kms.katalon.core.exception.StepFailedException: Actual text 'Rekomendasi Kursus' and expected text 'Siap Jadi Talenta Digital Terbaik!' of test object 'Object Repository/Home Page/Page_Pijar Mahir/Page_Pijar Mahir/h3_Siap Jadi Talenta Digital Terbaik' are NOT matched.
	at com.kms.katalon.core.webui.keyword.internal.WebUIKeywordMain.stepFailed(WebUIKeywordMain.groovy:64)
	at com.kms.katalon.core.webui.keyword.builtin.VerifyElementTextKeyword$_verifyElementText_closure1.doCall(VerifyElementTextKeyword.groovy:57)
	at com.kms.katalon.core.webui.keyword.builtin.VerifyElementTextKeyword$_verifyElementText_closure1.call(VerifyElementTextKeyword.groovy)
	at com.kms.katalon.core.webui.keyword.internal.WebUIKeywordMain.runKeyword(WebUIKeywordMain.groovy:20)
	... 19 more
"/>
         <system-out><![CDATA[2022-01-21 16:11:24 - [TEST_CASE][FAILED] - Test Cases/User/Wishlist/Pastikan User Dapat Menghapus Wistlist di Homepage: Test Cases/User/Wishlist/Pastikan User Dapat Menghapus Wistlist di Homepage FAILED.
Reason:
com.kms.katalon.core.exception.StepFailedException: Verify element text of test object 'Object Repository/Home Page/Page_Pijar Mahir/Page_Pijar Mahir/h3_Siap Jadi Talenta Digital Terbaik' FAILED.
	at com.kms.katalon.core.webui.keyword.internal.WebUIKeywordMain.stepFailed(WebUIKeywordMain.groovy:64)
	at com.kms.katalon.core.webui.keyword.internal.WebUIKeywordMain.runKeyword(WebUIKeywordMain.groovy:26)
	at com.kms.katalon.core.webui.keyword.builtin.VerifyElementTextKeyword.verifyElementText(VerifyElementTextKeyword.groovy:72)
	at com.kms.katalon.core.webui.keyword.builtin.VerifyElementTextKeyword.execute(VerifyElementTextKeyword.groovy:40)
	at com.kms.katalon.core.keyword.internal.KeywordExecutor.executeKeywordForPlatform(KeywordExecutor.groovy:74)
	at com.kms.katalon.core.webui.keyword.WebUiBuiltInKeywords.verifyElementText(WebUiBuiltInKeywords.groovy:4749)
	at com.kms.katalon.core.webui.keyword.WebUiBuiltInKeywords$verifyElementText$5.call(Unknown Source)
	at Pastikan User Dapat Menghapus Wistlist di Homepage.run(Pastikan User Dapat Menghapus Wistlist di Homepage:41)
	at com.kms.katalon.core.main.ScriptEngine.run(ScriptEngine.java:194)
	at com.kms.katalon.core.main.ScriptEngine.runScriptAsRawText(ScriptEngine.java:119)
	at com.kms.katalon.core.main.TestCaseExecutor.runScript(TestCaseExecutor.java:442)
	at com.kms.katalon.core.main.TestCaseExecutor.doExecute(TestCaseExecutor.java:433)
	at com.kms.katalon.core.main.TestCaseExecutor.processExecutionPhase(TestCaseExecutor.java:412)
	at com.kms.katalon.core.main.TestCaseExecutor.accessMainPhase(TestCaseExecutor.java:404)
	at com.kms.katalon.core.main.TestCaseExecutor.execute(TestCaseExecutor.java:281)
	at com.kms.katalon.core.main.TestSuiteExecutor.accessTestCaseMainPhase(TestSuiteExecutor.java:202)
	at com.kms.katalon.core.main.TestSuiteExecutor.accessTestSuiteMainPhase(TestSuiteExecutor.java:164)
	at com.kms.katalon.core.main.TestSuiteExecutor.execute(TestSuiteExecutor.java:105)
	at com.kms.katalon.core.main.TestCaseMain.startTestSuite(TestCaseMain.java:185)
	at com.kms.katalon.core.main.TestCaseMain$startTestSuite$0.call(Unknown Source)
	at TempTestSuite1642756252896.run(TempTestSuite1642756252896.groovy:36)
Caused by: com.kms.katalon.core.exception.StepFailedException: Actual text 'Rekomendasi Kursus' and expected text 'Siap Jadi Talenta Digital Terbaik!' of test object 'Object Repository/Home Page/Page_Pijar Mahir/Page_Pijar Mahir/h3_Siap Jadi Talenta Digital Terbaik' are NOT matched.
	at com.kms.katalon.core.webui.keyword.internal.WebUIKeywordMain.stepFailed(WebUIKeywordMain.groovy:64)
	at com.kms.katalon.core.webui.keyword.builtin.VerifyElementTextKeyword$_verifyElementText_closure1.doCall(VerifyElementTextKeyword.groovy:57)
	at com.kms.katalon.core.webui.keyword.builtin.VerifyElementTextKeyword$_verifyElementText_closure1.call(VerifyElementTextKeyword.groovy)
	at com.kms.katalon.core.webui.keyword.internal.WebUIKeywordMain.runKeyword(WebUIKeywordMain.groovy:20)
	... 19 more


2022-01-21 16:11:25 - [TEST_STEP][PASSED] - callTestCase(findTestCase("User/Login/Positive Case/Pastikan User dapat melakukan Login"), ["username":"fitrianisa@yopmail.com", "password":"123Abcde"], STOP_ON_FAILURE): Call Test Case 'Test Cases/User/Login/Positive Case/Pastikan User dapat melakukan Login' successfully

2022-01-21 16:11:25 - [TEST_CASE][PASSED] - Test Cases/User/Login/Positive Case/Pastikan User dapat melakukan Login: Test Cases/User/Login/Positive Case/Pastikan User dapat melakukan Login

2022-01-21 16:11:25 - [TEST_STEP][PASSED] - callTestCase(findTestCase("CustomKeyword/Open Browser"), [:], STOP_ON_FAILURE): Call Test Case 'Test Cases/CustomKeyword/Open Browser' successfully

2022-01-21 16:11:25 - [TEST_CASE][PASSED] - Test Cases/CustomKeyword/Open Browser: Test Cases/CustomKeyword/Open Browser

2022-01-21 16:11:25 - [TEST_STEP][PASSED] - openBrowser(""): Browser is opened with url: ''

2022-01-21 16:11:25 - [MESSAGE][WARNING] - A browser is already opened. Closing browser and opening a new one

2022-01-21 16:11:25 - [MESSAGE][INFO] - Starting 'Chrome' driver

2022-01-21 16:11:25 - [MESSAGE][INFO] - Action delay is set to 0 milliseconds

2022-01-21 16:11:26 - [MESSAGE][PASSED] - Browser is opened with url: ''

2022-01-21 16:11:27 - [TEST_STEP][PASSED] - maximizeWindow(): Current window maximized

2022-01-21 16:11:27 - [MESSAGE][PASSED] - Current window maximized

2022-01-21 16:11:27 - [MESSAGE][PASSED] - Call Test Case 'Test Cases/CustomKeyword/Open Browser' successfully

2022-01-21 16:11:27 - [TEST_STEP][PASSED] - callTestCase(findTestCase("CustomKeyword/Negative to URL"), [:], STOP_ON_FAILURE): Call Test Case 'Test Cases/CustomKeyword/Negative to URL' successfully

2022-01-21 16:11:27 - [TEST_CASE][PASSED] - Test Cases/CustomKeyword/Negative to URL: Test Cases/CustomKeyword/Negative to URL

2022-01-21 16:11:27 - [TEST_STEP][PASSED] - navigateToUrl(BASE_URL): Navigate to 'https://dev2.pijarmahir.id' successfully

2022-01-21 16:11:33 - [MESSAGE][PASSED] - Navigate to 'https://dev2.pijarmahir.id' successfully

2022-01-21 16:11:33 - [MESSAGE][PASSED] - Call Test Case 'Test Cases/CustomKeyword/Negative to URL' successfully

2022-01-21 16:11:33 - [TEST_STEP][PASSED] - click(findTestObject("Login/button__z-2 absolute right-0 top-0 bg-white w-10 h-10 flex rounded-full justify-center items-center border-black-300 border-2.5")): Object: 'Object Repository/Login/button__z-2 absolute right-0 top-0 bg-white w-10 h-10 flex rounded-full justify-center items-center border-black-300 border-2.5' is clicked on

2022-01-21 16:11:34 - [MESSAGE][PASSED] - Object: 'Object Repository/Login/button__z-2 absolute right-0 top-0 bg-white w-10 h-10 flex rounded-full justify-center items-center border-black-300 border-2.5' is clicked on

2022-01-21 16:11:34 - [TEST_STEP][PASSED] - click(findTestObject("Login/Page_Pijar Mahir/button_Masuk")): Object: 'Object Repository/Login/Page_Pijar Mahir/button_Masuk' is clicked on

2022-01-21 16:11:34 - [MESSAGE][PASSED] - Object: 'Object Repository/Login/Page_Pijar Mahir/button_Masuk' is clicked on

2022-01-21 16:11:34 - [TEST_STEP][PASSED] - setText(findTestObject("Login/input_Email_email"), username): Text 'fitrianisa@yopmail.com' is set on object 'Object Repository/Login/input_Email_email'

2022-01-21 16:11:35 - [MESSAGE][PASSED] - Text 'fitrianisa@yopmail.com' is set on object 'Object Repository/Login/input_Email_email'

2022-01-21 16:11:35 - [TEST_STEP][PASSED] - setText(findTestObject("Login/input_Password_password"), password): Text '123Abcde' is set on object 'Object Repository/Login/input_Password_password'

2022-01-21 16:11:36 - [MESSAGE][PASSED] - Text '123Abcde' is set on object 'Object Repository/Login/input_Password_password'

2022-01-21 16:11:36 - [TEST_STEP][PASSED] - click(findTestObject("Login/button_Masuk")): Object: 'Object Repository/Login/button_Masuk' is clicked on

2022-01-21 16:11:37 - [MESSAGE][PASSED] - Object: 'Object Repository/Login/button_Masuk' is clicked on

2022-01-21 16:11:37 - [MESSAGE][PASSED] - Call Test Case 'Test Cases/User/Login/Positive Case/Pastikan User dapat melakukan Login' successfully

2022-01-21 16:11:37 - [TEST_STEP][PASSED] - verifyElementText(findTestObject("Home Page/Page_Pijar Mahir/h3_Kategori"), "Kategori"): Actual text and expected text of test object 'Object Repository/Home Page/Page_Pijar Mahir/h3_Kategori' are matched.

2022-01-21 16:11:40 - [MESSAGE][PASSED] - Actual text and expected text of test object 'Object Repository/Home Page/Page_Pijar Mahir/h3_Kategori' are matched.

2022-01-21 16:11:40 - [TEST_STEP][PASSED] - scrollToElement(findTestObject("Home Page/Page_Pijar Mahir/h3_Kategori"), 0): Scroll to object 'Object Repository/Home Page/Page_Pijar Mahir/h3_Kategori' successfully

2022-01-21 16:11:40 - [MESSAGE][WARNING] - Timeout '0' is invalid. Using default page load timeout: '30'

2022-01-21 16:11:40 - [MESSAGE][PASSED] - Scroll to object 'Object Repository/Home Page/Page_Pijar Mahir/h3_Kategori' successfully

2022-01-21 16:11:40 - [TEST_STEP][PASSED] - delay(3): Delayed 3 second(s)

2022-01-21 16:11:43 - [MESSAGE][PASSED] - Delayed 3 second(s)

2022-01-21 16:11:43 - [TEST_STEP][PASSED] - verifyElementText(findTestObject("Home Page/Page_Pijar Mahir/Page_Pijar Mahir/h3_Terakhir dicari"), "Terakhir dicari"): Actual text and expected text of test object 'Object Repository/Home Page/Page_Pijar Mahir/Page_Pijar Mahir/h3_Terakhir dicari' are matched.

2022-01-21 16:11:44 - [MESSAGE][PASSED] - Actual text and expected text of test object 'Object Repository/Home Page/Page_Pijar Mahir/Page_Pijar Mahir/h3_Terakhir dicari' are matched.

2022-01-21 16:11:44 - [TEST_STEP][PASSED] - scrollToElement(findTestObject("Home Page/Page_Pijar Mahir/Page_Pijar Mahir/h3_Terakhir dicari"), 0): Scroll to object 'Object Repository/Home Page/Page_Pijar Mahir/Page_Pijar Mahir/h3_Terakhir dicari' successfully

2022-01-21 16:11:44 - [MESSAGE][WARNING] - Timeout '0' is invalid. Using default page load timeout: '30'

2022-01-21 16:11:44 - [MESSAGE][PASSED] - Scroll to object 'Object Repository/Home Page/Page_Pijar Mahir/Page_Pijar Mahir/h3_Terakhir dicari' successfully

2022-01-21 16:11:44 - [TEST_STEP][PASSED] - delay(3): Delayed 3 second(s)

2022-01-21 16:11:47 - [MESSAGE][PASSED] - Delayed 3 second(s)

2022-01-21 16:11:47 - [TEST_STEP][PASSED] - verifyElementText(findTestObject("Home Page/Page_Pijar Mahir/Page_Pijar Mahir/h3_Kelas Terbaik Pijar Mahir"), "Kelas Terbaik Pijar Mahir!"): Actual text and expected text of test object 'Object Repository/Home Page/Page_Pijar Mahir/Page_Pijar Mahir/h3_Kelas Terbaik Pijar Mahir' are matched.

2022-01-21 16:11:48 - [MESSAGE][PASSED] - Actual text and expected text of test object 'Object Repository/Home Page/Page_Pijar Mahir/Page_Pijar Mahir/h3_Kelas Terbaik Pijar Mahir' are matched.

2022-01-21 16:11:48 - [TEST_STEP][PASSED] - scrollToElement(findTestObject("Home Page/Page_Pijar Mahir/Page_Pijar Mahir/h3_Kelas Terbaik Pijar Mahir"), 0): Scroll to object 'Object Repository/Home Page/Page_Pijar Mahir/Page_Pijar Mahir/h3_Kelas Terbaik Pijar Mahir' successfully

2022-01-21 16:11:48 - [MESSAGE][WARNING] - Timeout '0' is invalid. Using default page load timeout: '30'

2022-01-21 16:11:48 - [MESSAGE][PASSED] - Scroll to object 'Object Repository/Home Page/Page_Pijar Mahir/Page_Pijar Mahir/h3_Kelas Terbaik Pijar Mahir' successfully

2022-01-21 16:11:48 - [TEST_STEP][PASSED] - delay(3): Delayed 3 second(s)

2022-01-21 16:11:51 - [MESSAGE][PASSED] - Delayed 3 second(s)

2022-01-21 16:11:51 - [TEST_STEP][FAILED] - verifyElementText(findTestObject("Home Page/Page_Pijar Mahir/Page_Pijar Mahir/h3_Siap Jadi Talenta Digital Terbaik"), "Siap Jadi Talenta Digital Terbaik!"): Verify element text of test object 'Object Repository/Home Page/Page_Pijar Mahir/Page_Pijar Mahir/h3_Siap Jadi Talenta Digital Terbaik' FAILED. (Root cause: com.kms.katalon.core.exception.StepFailedException: Verify element text of test object 'Object Repository/Home Page/Page_Pijar Mahir/Page_Pijar Mahir/h3_Siap Jadi Talenta Digital Terbaik' FAILED.
	at com.kms.katalon.core.webui.keyword.internal.WebUIKeywordMain.stepFailed(WebUIKeywordMain.groovy:64)
	at com.kms.katalon.core.webui.keyword.internal.WebUIKeywordMain.runKeyword(WebUIKeywordMain.groovy:26)
	at com.kms.katalon.core.webui.keyword.builtin.VerifyElementTextKeyword.verifyElementText(VerifyElementTextKeyword.groovy:72)
	at com.kms.katalon.core.webui.keyword.builtin.VerifyElementTextKeyword.execute(VerifyElementTextKeyword.groovy:40)
	at com.kms.katalon.core.keyword.internal.KeywordExecutor.executeKeywordForPlatform(KeywordExecutor.groovy:74)
	at com.kms.katalon.core.webui.keyword.WebUiBuiltInKeywords.verifyElementText(WebUiBuiltInKeywords.groovy:4749)
	at com.kms.katalon.core.webui.keyword.WebUiBuiltInKeywords$verifyElementText$5.call(Unknown Source)
	at Pastikan User Dapat Menghapus Wistlist di Homepage.run(Pastikan User Dapat Menghapus Wistlist di Homepage:41)
	at com.kms.katalon.core.main.ScriptEngine.run(ScriptEngine.java:194)
	at com.kms.katalon.core.main.ScriptEngine.runScriptAsRawText(ScriptEngine.java:119)
	at com.kms.katalon.core.main.TestCaseExecutor.runScript(TestCaseExecutor.java:442)
	at com.kms.katalon.core.main.TestCaseExecutor.doExecute(TestCaseExecutor.java:433)
	at com.kms.katalon.core.main.TestCaseExecutor.processExecutionPhase(TestCaseExecutor.java:412)
	at com.kms.katalon.core.main.TestCaseExecutor.accessMainPhase(TestCaseExecutor.java:404)
	at com.kms.katalon.core.main.TestCaseExecutor.execute(TestCaseExecutor.java:281)
	at com.kms.katalon.core.main.TestSuiteExecutor.accessTestCaseMainPhase(TestSuiteExecutor.java:202)
	at com.kms.katalon.core.main.TestSuiteExecutor.accessTestSuiteMainPhase(TestSuiteExecutor.java:164)
	at com.kms.katalon.core.main.TestSuiteExecutor.execute(TestSuiteExecutor.java:105)
	at com.kms.katalon.core.main.TestCaseMain.startTestSuite(TestCaseMain.java:185)
	at com.kms.katalon.core.main.TestCaseMain$startTestSuite$0.call(Unknown Source)
	at TempTestSuite1642756252896.run(TempTestSuite1642756252896.groovy:36)
Caused by: com.kms.katalon.core.exception.StepFailedException: Actual text 'Rekomendasi Kursus' and expected text 'Siap Jadi Talenta Digital Terbaik!' of test object 'Object Repository/Home Page/Page_Pijar Mahir/Page_Pijar Mahir/h3_Siap Jadi Talenta Digital Terbaik' are NOT matched.
	at com.kms.katalon.core.webui.keyword.internal.WebUIKeywordMain.stepFailed(WebUIKeywordMain.groovy:64)
	at com.kms.katalon.core.webui.keyword.builtin.VerifyElementTextKeyword$_verifyElementText_closure1.doCall(VerifyElementTextKeyword.groovy:57)
	at com.kms.katalon.core.webui.keyword.builtin.VerifyElementTextKeyword$_verifyElementText_closure1.call(VerifyElementTextKeyword.groovy)
	at com.kms.katalon.core.webui.keyword.internal.WebUIKeywordMain.runKeyword(WebUIKeywordMain.groovy:20)
	... 19 more
)

2022-01-21 16:11:52 - [MESSAGE][FAILED] - Actual text 'Rekomendasi Kursus' and expected text 'Siap Jadi Talenta Digital Terbaik!' of test object 'Object Repository/Home Page/Page_Pijar Mahir/Page_Pijar Mahir/h3_Siap Jadi Talenta Digital Terbaik' are NOT matched. (Root cause: com.kms.katalon.core.exception.StepFailedException: Actual text 'Rekomendasi Kursus' and expected text 'Siap Jadi Talenta Digital Terbaik!' of test object 'Object Repository/Home Page/Page_Pijar Mahir/Page_Pijar Mahir/h3_Siap Jadi Talenta Digital Terbaik' are NOT matched.
	at com.kms.katalon.core.webui.keyword.internal.WebUIKeywordMain.stepFailed(WebUIKeywordMain.groovy:64)
	at com.kms.katalon.core.webui.keyword.builtin.VerifyElementTextKeyword$_verifyElementText_closure1.doCall(VerifyElementTextKeyword.groovy:57)
	at com.kms.katalon.core.webui.keyword.builtin.VerifyElementTextKeyword$_verifyElementText_closure1.call(VerifyElementTextKeyword.groovy)
	at com.kms.katalon.core.webui.keyword.internal.WebUIKeywordMain.runKeyword(WebUIKeywordMain.groovy:20)
	at com.kms.katalon.core.webui.keyword.builtin.VerifyElementTextKeyword.verifyElementText(VerifyElementTextKeyword.groovy:72)
	at com.kms.katalon.core.webui.keyword.builtin.VerifyElementTextKeyword.execute(VerifyElementTextKeyword.groovy:40)
	at com.kms.katalon.core.keyword.internal.KeywordExecutor.executeKeywordForPlatform(KeywordExecutor.groovy:74)
	at com.kms.katalon.core.webui.keyword.WebUiBuiltInKeywords.verifyElementText(WebUiBuiltInKeywords.groovy:4749)
	at com.kms.katalon.core.webui.keyword.WebUiBuiltInKeywords$verifyElementText$5.call(Unknown Source)
	at Pastikan User Dapat Menghapus Wistlist di Homepage.run(Pastikan User Dapat Menghapus Wistlist di Homepage:41)
	at com.kms.katalon.core.main.ScriptEngine.run(ScriptEngine.java:194)
	at com.kms.katalon.core.main.ScriptEngine.runScriptAsRawText(ScriptEngine.java:119)
	at com.kms.katalon.core.main.TestCaseExecutor.runScript(TestCaseExecutor.java:442)
	at com.kms.katalon.core.main.TestCaseExecutor.doExecute(TestCaseExecutor.java:433)
	at com.kms.katalon.core.main.TestCaseExecutor.processExecutionPhase(TestCaseExecutor.java:412)
	at com.kms.katalon.core.main.TestCaseExecutor.accessMainPhase(TestCaseExecutor.java:404)
	at com.kms.katalon.core.main.TestCaseExecutor.execute(TestCaseExecutor.java:281)
	at com.kms.katalon.core.main.TestSuiteExecutor.accessTestCaseMainPhase(TestSuiteExecutor.java:202)
	at com.kms.katalon.core.main.TestSuiteExecutor.accessTestSuiteMainPhase(TestSuiteExecutor.java:164)
	at com.kms.katalon.core.main.TestSuiteExecutor.execute(TestSuiteExecutor.java:105)
	at com.kms.katalon.core.main.TestCaseMain.startTestSuite(TestCaseMain.java:185)
	at com.kms.katalon.core.main.TestCaseMain$startTestSuite$0.call(Unknown Source)
	at TempTestSuite1642756252896.run(TempTestSuite1642756252896.groovy:36)
)
[[ATTACHMENT|/Users/ardiansyah/Documents/Work/Telkom/PijarMahir/Katalon/GitHub/pijarmahir-automation-web/Reports/20220121_161052/Wishlist/Pastikan User dapat mengakses Wishlist Homepage/20220121_161052/1642756312281.png]]

2022-01-21 16:11:52 - [MESSAGE][FAILED] - Verify element text of test object 'Object Repository/Home Page/Page_Pijar Mahir/Page_Pijar Mahir/h3_Siap Jadi Talenta Digital Terbaik' FAILED. (Root cause: com.kms.katalon.core.exception.StepFailedException: Verify element text of test object 'Object Repository/Home Page/Page_Pijar Mahir/Page_Pijar Mahir/h3_Siap Jadi Talenta Digital Terbaik' FAILED.
	at com.kms.katalon.core.webui.keyword.internal.WebUIKeywordMain.stepFailed(WebUIKeywordMain.groovy:64)
	at com.kms.katalon.core.webui.keyword.internal.WebUIKeywordMain.runKeyword(WebUIKeywordMain.groovy:26)
	at com.kms.katalon.core.webui.keyword.builtin.VerifyElementTextKeyword.verifyElementText(VerifyElementTextKeyword.groovy:72)
	at com.kms.katalon.core.webui.keyword.builtin.VerifyElementTextKeyword.execute(VerifyElementTextKeyword.groovy:40)
	at com.kms.katalon.core.keyword.internal.KeywordExecutor.executeKeywordForPlatform(KeywordExecutor.groovy:74)
	at com.kms.katalon.core.webui.keyword.WebUiBuiltInKeywords.verifyElementText(WebUiBuiltInKeywords.groovy:4749)
	at com.kms.katalon.core.webui.keyword.WebUiBuiltInKeywords$verifyElementText$5.call(Unknown Source)
	at Pastikan User Dapat Menghapus Wistlist di Homepage.run(Pastikan User Dapat Menghapus Wistlist di Homepage:41)
	at com.kms.katalon.core.main.ScriptEngine.run(ScriptEngine.java:194)
	at com.kms.katalon.core.main.ScriptEngine.runScriptAsRawText(ScriptEngine.java:119)
	at com.kms.katalon.core.main.TestCaseExecutor.runScript(TestCaseExecutor.java:442)
	at com.kms.katalon.core.main.TestCaseExecutor.doExecute(TestCaseExecutor.java:433)
	at com.kms.katalon.core.main.TestCaseExecutor.processExecutionPhase(TestCaseExecutor.java:412)
	at com.kms.katalon.core.main.TestCaseExecutor.accessMainPhase(TestCaseExecutor.java:404)
	at com.kms.katalon.core.main.TestCaseExecutor.execute(TestCaseExecutor.java:281)
	at com.kms.katalon.core.main.TestSuiteExecutor.accessTestCaseMainPhase(TestSuiteExecutor.java:202)
	at com.kms.katalon.core.main.TestSuiteExecutor.accessTestSuiteMainPhase(TestSuiteExecutor.java:164)
	at com.kms.katalon.core.main.TestSuiteExecutor.execute(TestSuiteExecutor.java:105)
	at com.kms.katalon.core.main.TestCaseMain.startTestSuite(TestCaseMain.java:185)
	at com.kms.katalon.core.main.TestCaseMain$startTestSuite$0.call(Unknown Source)
	at TempTestSuite1642756252896.run(TempTestSuite1642756252896.groovy:36)
Caused by: com.kms.katalon.core.exception.StepFailedException: Actual text 'Rekomendasi Kursus' and expected text 'Siap Jadi Talenta Digital Terbaik!' of test object 'Object Repository/Home Page/Page_Pijar Mahir/Page_Pijar Mahir/h3_Siap Jadi Talenta Digital Terbaik' are NOT matched.
	at com.kms.katalon.core.webui.keyword.internal.WebUIKeywordMain.stepFailed(WebUIKeywordMain.groovy:64)
	at com.kms.katalon.core.webui.keyword.builtin.VerifyElementTextKeyword$_verifyElementText_closure1.doCall(VerifyElementTextKeyword.groovy:57)
	at com.kms.katalon.core.webui.keyword.builtin.VerifyElementTextKeyword$_verifyElementText_closure1.call(VerifyElementTextKeyword.groovy)
	at com.kms.katalon.core.webui.keyword.internal.WebUIKeywordMain.runKeyword(WebUIKeywordMain.groovy:20)
	... 19 more
)
[[ATTACHMENT|/Users/ardiansyah/Documents/Work/Telkom/PijarMahir/Katalon/GitHub/pijarmahir-automation-web/Reports/20220121_161052/Wishlist/Pastikan User dapat mengakses Wishlist Homepage/20220121_161052/1642756312662.png]]]]></system-out>
         <system-err><![CDATA[2022-01-21 16:11:24 - [TEST_CASE][FAILED] - Test Cases/User/Wishlist/Pastikan User Dapat Menghapus Wistlist di Homepage: Test Cases/User/Wishlist/Pastikan User Dapat Menghapus Wistlist di Homepage FAILED.
Reason:
com.kms.katalon.core.exception.StepFailedException: Verify element text of test object 'Object Repository/Home Page/Page_Pijar Mahir/Page_Pijar Mahir/h3_Siap Jadi Talenta Digital Terbaik' FAILED.
	at com.kms.katalon.core.webui.keyword.internal.WebUIKeywordMain.stepFailed(WebUIKeywordMain.groovy:64)
	at com.kms.katalon.core.webui.keyword.internal.WebUIKeywordMain.runKeyword(WebUIKeywordMain.groovy:26)
	at com.kms.katalon.core.webui.keyword.builtin.VerifyElementTextKeyword.verifyElementText(VerifyElementTextKeyword.groovy:72)
	at com.kms.katalon.core.webui.keyword.builtin.VerifyElementTextKeyword.execute(VerifyElementTextKeyword.groovy:40)
	at com.kms.katalon.core.keyword.internal.KeywordExecutor.executeKeywordForPlatform(KeywordExecutor.groovy:74)
	at com.kms.katalon.core.webui.keyword.WebUiBuiltInKeywords.verifyElementText(WebUiBuiltInKeywords.groovy:4749)
	at com.kms.katalon.core.webui.keyword.WebUiBuiltInKeywords$verifyElementText$5.call(Unknown Source)
	at Pastikan User Dapat Menghapus Wistlist di Homepage.run(Pastikan User Dapat Menghapus Wistlist di Homepage:41)
	at com.kms.katalon.core.main.ScriptEngine.run(ScriptEngine.java:194)
	at com.kms.katalon.core.main.ScriptEngine.runScriptAsRawText(ScriptEngine.java:119)
	at com.kms.katalon.core.main.TestCaseExecutor.runScript(TestCaseExecutor.java:442)
	at com.kms.katalon.core.main.TestCaseExecutor.doExecute(TestCaseExecutor.java:433)
	at com.kms.katalon.core.main.TestCaseExecutor.processExecutionPhase(TestCaseExecutor.java:412)
	at com.kms.katalon.core.main.TestCaseExecutor.accessMainPhase(TestCaseExecutor.java:404)
	at com.kms.katalon.core.main.TestCaseExecutor.execute(TestCaseExecutor.java:281)
	at com.kms.katalon.core.main.TestSuiteExecutor.accessTestCaseMainPhase(TestSuiteExecutor.java:202)
	at com.kms.katalon.core.main.TestSuiteExecutor.accessTestSuiteMainPhase(TestSuiteExecutor.java:164)
	at com.kms.katalon.core.main.TestSuiteExecutor.execute(TestSuiteExecutor.java:105)
	at com.kms.katalon.core.main.TestCaseMain.startTestSuite(TestCaseMain.java:185)
	at com.kms.katalon.core.main.TestCaseMain$startTestSuite$0.call(Unknown Source)
	at TempTestSuite1642756252896.run(TempTestSuite1642756252896.groovy:36)
Caused by: com.kms.katalon.core.exception.StepFailedException: Actual text 'Rekomendasi Kursus' and expected text 'Siap Jadi Talenta Digital Terbaik!' of test object 'Object Repository/Home Page/Page_Pijar Mahir/Page_Pijar Mahir/h3_Siap Jadi Talenta Digital Terbaik' are NOT matched.
	at com.kms.katalon.core.webui.keyword.internal.WebUIKeywordMain.stepFailed(WebUIKeywordMain.groovy:64)
	at com.kms.katalon.core.webui.keyword.builtin.VerifyElementTextKeyword$_verifyElementText_closure1.doCall(VerifyElementTextKeyword.groovy:57)
	at com.kms.katalon.core.webui.keyword.builtin.VerifyElementTextKeyword$_verifyElementText_closure1.call(VerifyElementTextKeyword.groovy)
	at com.kms.katalon.core.webui.keyword.internal.WebUIKeywordMain.runKeyword(WebUIKeywordMain.groovy:20)
	... 19 more]]></system-err>
      </testcase>
      <system-out><![CDATA[2022-01-21 16:11:04 - [TEST_SUITE][FAILED] - Pastikan User dapat mengakses Wishlist Homepage: Test Cases/User/Wishlist/Pastikan User Dapat Menghapus Wistlist di Homepage FAILED.
Reason:
com.kms.katalon.core.exception.StepFailedException: Verify element text of test object 'Object Repository/Home Page/Page_Pijar Mahir/Page_Pijar Mahir/h3_Siap Jadi Talenta Digital Terbaik' FAILED.
	at com.kms.katalon.core.webui.keyword.internal.WebUIKeywordMain.stepFailed(WebUIKeywordMain.groovy:64)
	at com.kms.katalon.core.webui.keyword.internal.WebUIKeywordMain.runKeyword(WebUIKeywordMain.groovy:26)
	at com.kms.katalon.core.webui.keyword.builtin.VerifyElementTextKeyword.verifyElementText(VerifyElementTextKeyword.groovy:72)
	at com.kms.katalon.core.webui.keyword.builtin.VerifyElementTextKeyword.execute(VerifyElementTextKeyword.groovy:40)
	at com.kms.katalon.core.keyword.internal.KeywordExecutor.executeKeywordForPlatform(KeywordExecutor.groovy:74)
	at com.kms.katalon.core.webui.keyword.WebUiBuiltInKeywords.verifyElementText(WebUiBuiltInKeywords.groovy:4749)
	at com.kms.katalon.core.webui.keyword.WebUiBuiltInKeywords$verifyElementText$5.call(Unknown Source)
	at Pastikan User Dapat Menghapus Wistlist di Homepage.run(Pastikan User Dapat Menghapus Wistlist di Homepage:41)
	at com.kms.katalon.core.main.ScriptEngine.run(ScriptEngine.java:194)
	at com.kms.katalon.core.main.ScriptEngine.runScriptAsRawText(ScriptEngine.java:119)
	at com.kms.katalon.core.main.TestCaseExecutor.runScript(TestCaseExecutor.java:442)
	at com.kms.katalon.core.main.TestCaseExecutor.doExecute(TestCaseExecutor.java:433)
	at com.kms.katalon.core.main.TestCaseExecutor.processExecutionPhase(TestCaseExecutor.java:412)
	at com.kms.katalon.core.main.TestCaseExecutor.accessMainPhase(TestCaseExecutor.java:404)
	at com.kms.katalon.core.main.TestCaseExecutor.execute(TestCaseExecutor.java:281)
	at com.kms.katalon.core.main.TestSuiteExecutor.accessTestCaseMainPhase(TestSuiteExecutor.java:202)
	at com.kms.katalon.core.main.TestSuiteExecutor.accessTestSuiteMainPhase(TestSuiteExecutor.java:164)
	at com.kms.katalon.core.main.TestSuiteExecutor.execute(TestSuiteExecutor.java:105)
	at com.kms.katalon.core.main.TestCaseMain.startTestSuite(TestCaseMain.java:185)
	at com.kms.katalon.core.main.TestCaseMain$startTestSuite$0.call(Unknown Source)
	at TempTestSuite1642756252896.run(TempTestSuite1642756252896.groovy:36)
Caused by: com.kms.katalon.core.exception.StepFailedException: Actual text 'Rekomendasi Kursus' and expected text 'Siap Jadi Talenta Digital Terbaik!' of test object 'Object Repository/Home Page/Page_Pijar Mahir/Page_Pijar Mahir/h3_Siap Jadi Talenta Digital Terbaik' are NOT matched.
	at com.kms.katalon.core.webui.keyword.internal.WebUIKeywordMain.stepFailed(WebUIKeywordMain.groovy:64)
	at com.kms.katalon.core.webui.keyword.builtin.VerifyElementTextKeyword$_verifyElementText_closure1.doCall(VerifyElementTextKeyword.groovy:57)
	at com.kms.katalon.core.webui.keyword.builtin.VerifyElementTextKeyword$_verifyElementText_closure1.call(VerifyElementTextKeyword.groovy)
	at com.kms.katalon.core.webui.keyword.internal.WebUIKeywordMain.runKeyword(WebUIKeywordMain.groovy:20)
	... 19 more]]></system-out>
      <system-err><![CDATA[2022-01-21 16:11:04 - [TEST_SUITE][FAILED] - Pastikan User dapat mengakses Wishlist Homepage: Test Cases/User/Wishlist/Pastikan User Dapat Menghapus Wistlist di Homepage FAILED.
Reason:
com.kms.katalon.core.exception.StepFailedException: Verify element text of test object 'Object Repository/Home Page/Page_Pijar Mahir/Page_Pijar Mahir/h3_Siap Jadi Talenta Digital Terbaik' FAILED.
	at com.kms.katalon.core.webui.keyword.internal.WebUIKeywordMain.stepFailed(WebUIKeywordMain.groovy:64)
	at com.kms.katalon.core.webui.keyword.internal.WebUIKeywordMain.runKeyword(WebUIKeywordMain.groovy:26)
	at com.kms.katalon.core.webui.keyword.builtin.VerifyElementTextKeyword.verifyElementText(VerifyElementTextKeyword.groovy:72)
	at com.kms.katalon.core.webui.keyword.builtin.VerifyElementTextKeyword.execute(VerifyElementTextKeyword.groovy:40)
	at com.kms.katalon.core.keyword.internal.KeywordExecutor.executeKeywordForPlatform(KeywordExecutor.groovy:74)
	at com.kms.katalon.core.webui.keyword.WebUiBuiltInKeywords.verifyElementText(WebUiBuiltInKeywords.groovy:4749)
	at com.kms.katalon.core.webui.keyword.WebUiBuiltInKeywords$verifyElementText$5.call(Unknown Source)
	at Pastikan User Dapat Menghapus Wistlist di Homepage.run(Pastikan User Dapat Menghapus Wistlist di Homepage:41)
	at com.kms.katalon.core.main.ScriptEngine.run(ScriptEngine.java:194)
	at com.kms.katalon.core.main.ScriptEngine.runScriptAsRawText(ScriptEngine.java:119)
	at com.kms.katalon.core.main.TestCaseExecutor.runScript(TestCaseExecutor.java:442)
	at com.kms.katalon.core.main.TestCaseExecutor.doExecute(TestCaseExecutor.java:433)
	at com.kms.katalon.core.main.TestCaseExecutor.processExecutionPhase(TestCaseExecutor.java:412)
	at com.kms.katalon.core.main.TestCaseExecutor.accessMainPhase(TestCaseExecutor.java:404)
	at com.kms.katalon.core.main.TestCaseExecutor.execute(TestCaseExecutor.java:281)
	at com.kms.katalon.core.main.TestSuiteExecutor.accessTestCaseMainPhase(TestSuiteExecutor.java:202)
	at com.kms.katalon.core.main.TestSuiteExecutor.accessTestSuiteMainPhase(TestSuiteExecutor.java:164)
	at com.kms.katalon.core.main.TestSuiteExecutor.execute(TestSuiteExecutor.java:105)
	at com.kms.katalon.core.main.TestCaseMain.startTestSuite(TestCaseMain.java:185)
	at com.kms.katalon.core.main.TestCaseMain$startTestSuite$0.call(Unknown Source)
	at TempTestSuite1642756252896.run(TempTestSuite1642756252896.groovy:36)
Caused by: com.kms.katalon.core.exception.StepFailedException: Actual text 'Rekomendasi Kursus' and expected text 'Siap Jadi Talenta Digital Terbaik!' of test object 'Object Repository/Home Page/Page_Pijar Mahir/Page_Pijar Mahir/h3_Siap Jadi Talenta Digital Terbaik' are NOT matched.
	at com.kms.katalon.core.webui.keyword.internal.WebUIKeywordMain.stepFailed(WebUIKeywordMain.groovy:64)
	at com.kms.katalon.core.webui.keyword.builtin.VerifyElementTextKeyword$_verifyElementText_closure1.doCall(VerifyElementTextKeyword.groovy:57)
	at com.kms.katalon.core.webui.keyword.builtin.VerifyElementTextKeyword$_verifyElementText_closure1.call(VerifyElementTextKeyword.groovy)
	at com.kms.katalon.core.webui.keyword.internal.WebUIKeywordMain.runKeyword(WebUIKeywordMain.groovy:20)
	... 19 more]]></system-err>
   </testsuite>
</testsuites>
